Arguments: 
  C:\Program Files\nodejs\node.exe C:\Program Files\nodejs\node_modules\yarn\bin\yarn.js add remix-utils

PATH: 
  C:\Users\Renier y Nancy\bin;N:\Program Files (x86)\Git\mingw64\bin;N:\Program Files (x86)\Git\usr\local\bin;N:\Program Files (x86)\Git\usr\bin;N:\Program Files (x86)\Git\usr\bin;N:\Program Files (x86)\Git\mingw64\bin;N:\Program Files (x86)\Git\usr\bin;C:\Users\Renier y Nancy\bin;N:\Program Files (x86)\conEmu\ConEmu\Scripts;N:\Program Files (x86)\conEmu;N:\Program Files (x86)\conEmu\ConEmu;C:\Windows\system32;C:\Windows;C:\Windows\System32\Wbem;C:\Windows\System32\WindowsPowerShell\v1.0;C:\Windows\System32\OpenSSH;C:\Program Files\NVIDIA Corporation\NVIDIA NvDLISR;N:\laragon\bin\php\php-8.0.24-Win32-vs16-x64;C:\ProgramData\ComposerSetup\bin;N:\Program Files (x86)\Git\cmd;C:\Program Files\dotnet;C:\Program Files\Common Files\Autodesk Shared;C:\Program Files\Microsoft SQL Server\120\Tools\Binn;C:\Program Files (x86)\dotnet;N:\HashiCorp\Vagrant\bin;C:\Program Files (x86)\NVIDIA Corporation\PhysX\Common;C:\Users\Renier y Nancy\AppData\Roaming\nvm;C:\Program Files\nodejs;C:\Program Files\Docker\Docker\resources\bin;C:\Users\Renier y Nancy\AppData\Local\Yarn\config\global\node_modules\.bin;C:\Users\Renier y Nancy\AppData\Roaming\Composer\vendor\bin;N:\laragon\bin;N:\laragon\bin\apache\httpd-2.4.35-win64-VC15\bin;N:\laragon\bin\composer;N:\laragon\bin\git\bin;N:\laragon\bin\git\cmd;N:\laragon\bin\git\mingw64\bin;N:\laragon\bin\git\usr\bin;N:\laragon\bin\laragon\utils;N:\laragon\bin\mysql\mysql-5.7.24-winx64\bin;N:\laragon\bin\nginx\nginx-1.16.0;N:\laragon\bin\ngrok;N:\laragon\bin\notepad++;N:\laragon\bin\putty;N:\laragon\bin\redis\redis-x64-3.2.100;N:\laragon\bin\telnet;N:\laragon\usr\bin;C:\Users\Renier y Nancy\AppData\Local\Microsoft\WindowsApps;N:\Program Files (x86)\Microsoft VS Code\bin;C:\Users\Renier y Nancy\AppData\Roaming\nvm;C:\Program Files\nodejs;C:\Users\Renier y Nancy\AppData\Local\GitHubDesktop\bin;N:\Program Files (x86)\Git\usr\bin\vendor_perl;N:\Program Files (x86)\Git\usr\bin\core_perl

Yarn version: 
  1.22.19

Node version: 
  20.2.0

Platform: 
  win32 x64

Trace: 
  Error: EPERM: operation not permitted, unlink 'N:\wwwhome\practicas\guitarla-remix\node_modules\@esbuild\win32-x64\esbuild.exe'

npm manifest: 
  {
    "name": "guitarla-remix",
    "private": true,
    "sideEffects": false,
    "type": "module",
    "scripts": {
      "build": "remix build",
      "dev": "remix dev --manual",
      "start": "remix-serve ./build/index.js",
      "typecheck": "tsc"
    },
    "dependencies": {
      "@remix-run/css-bundle": "^2.0.0",
      "@remix-run/node": "^2.0.0",
      "@remix-run/react": "^2.0.0",
      "@remix-run/serve": "^2.0.0",
      "isbot": "^3.6.8",
      "react": "^18.2.0",
      "react-dom": "^18.2.0"
    },
    "devDependencies": {
      "@remix-run/dev": "^2.0.0",
      "@remix-run/eslint-config": "^2.0.0",
      "@types/react": "^18.2.20",
      "@types/react-dom": "^18.2.7",
      "eslint": "^8.38.0",
      "typescript": "^5.1.6"
    },
    "engines": {
      "node": ">=18.0.0"
    }
  }

yarn manifest: 
  No manifest

Lockfile: 
  No lockfile
